2022-04-27 13:34:28 0 [Note] InnoDB: Mutexes and rw_locks use Windows interlocked functions
2022-04-27 13:34:28 0 [Note] InnoDB: Uses event mutexes
2022-04-27 13:34:28 0 [Note] InnoDB: Compressed tables use zlib 1.2.11
2022-04-27 13:34:28 0 [Note] InnoDB: Number of pools: 1
2022-04-27 13:34:28 0 [Note] InnoDB: Using SSE2 crc32 instructions
2022-04-27 13:34:28 0 [Note] InnoDB: Initializing buffer pool, total size = 128M, instances = 1, chunk size = 128M
2022-04-27 13:34:28 0 [Note] InnoDB: Completed initialization of buffer pool
2022-04-27 13:34:28 0 [Note] InnoDB: 128 out of 128 rollback segments are active.
2022-04-27 13:34:28 0 [Note] InnoDB: Creating shared tablespace for temporary tables
2022-04-27 13:34:28 0 [Note] InnoDB: Setting file '.\ibtmp1' size to 12 MB. Physically writing the file full; Please wait ...
2022-04-27 13:34:28 0 [Note] InnoDB: File '.\ibtmp1' size is now 12 MB.
2022-04-27 13:34:28 0 [Note] InnoDB: 10.4.24 started; log sequence number 60967; transaction id 20
2022-04-27 13:34:28 0 [Note] InnoDB: Loading buffer pool(s) from C:\Users\PC\Desktop\sajt\mariadb\data\ib_buffer_pool
2022-04-27 13:34:28 0 [Note] Plugin 'FEEDBACK' is disabled.
2022-04-27 13:34:28 0 [Note] Server socket created on IP: '127.0.0.1'.
2022-04-27 13:34:28 0 [Note] InnoDB: Buffer pool(s) load completed at 220427 13:34:28
2022-04-27 13:34:28 0 [Note] Reading of all Master_info entries succeeded
2022-04-27 13:34:28 0 [Note] Added new Master_info '' to hash table
2022-04-27 13:34:28 0 [Note] C:\Users\PC\Desktop\sajt\mariadb\bin\mysqld.exe: ready for connections.
Version: '10.4.24-MariaDB'  socket: ''  port: 3307  mariadb.org binary distribution
2022-04-27 13:35:04 0 [Note] C:\Users\PC\Desktop\sajt\mariadb\bin\mysqld.exe (initiated by: root[root] @ localhost [127.0.0.1]): Normal shutdown
2022-04-27 13:35:04 0 [Note] Event Scheduler: Purging the queue. 0 events
2022-04-27 13:35:04 0 [Note] InnoDB: FTS optimize thread exiting.
2022-04-27 13:35:04 0 [Note] InnoDB: Starting shutdown...
2022-04-27 13:35:04 0 [Note] InnoDB: Dumping buffer pool(s) to C:\Users\PC\Desktop\sajt\mariadb\data\ib_buffer_pool
2022-04-27 13:35:04 0 [Note] InnoDB: Buffer pool(s) dump completed at 220427 13:35:04
2022-04-27 13:35:05 0 [Note] InnoDB: Removed temporary tablespace data file: "ibtmp1"
2022-04-27 13:35:05 0 [Note] InnoDB: Shutdown completed; log sequence number 60976; transaction id 21
2022-04-27 13:35:05 0 [Note] C:\Users\PC\Desktop\sajt\mariadb\bin\mysqld.exe: Shutdown complete

2022-04-27 13:35:50 0 [Note] InnoDB: Mutexes and rw_locks use Windows interlocked functions
2022-04-27 13:35:50 0 [Note] InnoDB: Uses event mutexes
2022-04-27 13:35:50 0 [Note] InnoDB: Compressed tables use zlib 1.2.11
2022-04-27 13:35:50 0 [Note] InnoDB: Number of pools: 1
2022-04-27 13:35:50 0 [Note] InnoDB: Using SSE2 crc32 instructions
2022-04-27 13:35:50 0 [Note] InnoDB: Initializing buffer pool, total size = 128M, instances = 1, chunk size = 128M
2022-04-27 13:35:50 0 [Note] InnoDB: Completed initialization of buffer pool
2022-04-27 13:35:50 0 [Note] InnoDB: 128 out of 128 rollback segments are active.
2022-04-27 13:35:50 0 [Note] InnoDB: Creating shared tablespace for temporary tables
2022-04-27 13:35:50 0 [Note] InnoDB: Setting file '.\ibtmp1' size to 12 MB. Physically writing the file full; Please wait ...
2022-04-27 13:35:50 0 [Note] InnoDB: File '.\ibtmp1' size is now 12 MB.
2022-04-27 13:35:50 0 [Note] InnoDB: Waiting for purge to start
2022-04-27 13:35:50 0 [Note] InnoDB: 10.4.24 started; log sequence number 60976; transaction id 20
2022-04-27 13:35:50 0 [Note] InnoDB: Loading buffer pool(s) from C:\Users\PC\Desktop\sajt\mariadb\data\ib_buffer_pool
2022-04-27 13:35:50 0 [Note] Plugin 'FEEDBACK' is disabled.
2022-04-27 13:35:50 0 [Note] Server socket created on IP: '127.0.0.1'.
2022-04-27 13:35:50 0 [Note] InnoDB: Buffer pool(s) load completed at 220427 13:35:50
2022-04-27 13:35:50 0 [Note] Reading of all Master_info entries succeeded
2022-04-27 13:35:50 0 [Note] Added new Master_info '' to hash table
2022-04-27 13:35:50 0 [Note] C:\Users\PC\Desktop\sajt\mariadb\bin\mysqld.exe: ready for connections.
Version: '10.4.24-MariaDB'  socket: ''  port: 3307  mariadb.org binary distribution
2022-04-27 13:48:59 119 [Warning] Aborted connection 119 to db: 'bitnami_wordpress' user: 'bn_wordpress' host: 'localhost' (Got an error reading communication packets)
2022-04-27 13:49:41 122 [Warning] Aborted connection 122 to db: 'bitnami_wordpress' user: 'bn_wordpress' host: 'localhost' (Got an error reading communication packets)
2022-04-27 13:49:41 125 [Warning] Aborted connection 125 to db: 'bitnami_wordpress' user: 'bn_wordpress' host: 'localhost' (Got an error reading communication packets)
2022-04-27 13:49:46 126 [Warning] Aborted connection 126 to db: 'bitnami_wordpress' user: 'bn_wordpress' host: 'localhost' (Got an error reading communication packets)
2022-04-27 13:49:52 127 [Warning] Aborted connection 127 to db: 'bitnami_wordpress' user: 'bn_wordpress' host: 'localhost' (Got an error reading communication packets)
2022-04-27 13:49:58 128 [Warning] Aborted connection 128 to db: 'bitnami_wordpress' user: 'bn_wordpress' host: 'localhost' (Got an error reading communication packets)
2022-04-27 13:50:08 129 [Warning] Aborted connection 129 to db: 'bitnami_wordpress' user: 'bn_wordpress' host: 'localhost' (Got an error reading communication packets)
2022-04-27 13:50:14 130 [Warning] Aborted connection 130 to db: 'bitnami_wordpress' user: 'bn_wordpress' host: 'localhost' (Got an error reading communication packets)
2022-04-27 13:50:47 133 [Warning] Aborted connection 133 to db: 'bitnami_wordpress' user: 'bn_wordpress' host: 'localhost' (Got an error reading communication packets)
2022-04-27 13:50:54 134 [Warning] Aborted connection 134 to db: 'bitnami_wordpress' user: 'bn_wordpress' host: 'localhost' (Got an error reading communication packets)
2022-04-27 13:51:08 136 [Warning] Aborted connection 136 to db: 'bitnami_wordpress' user: 'bn_wordpress' host: 'localhost' (Got an error reading communication packets)
2022-04-27 13:51:14 137 [Warning] Aborted connection 137 to db: 'bitnami_wordpress' user: 'bn_wordpress' host: 'localhost' (Got an error reading communication packets)
2022-04-27 13:51:25 138 [Warning] Aborted connection 138 to db: 'bitnami_wordpress' user: 'bn_wordpress' host: 'localhost' (Got an error reading communication packets)
2022-04-27 13:51:31 139 [Warning] Aborted connection 139 to db: 'bitnami_wordpress' user: 'bn_wordpress' host: 'localhost' (Got an error reading communication packets)
2022-04-27 13:51:42 140 [Warning] Aborted connection 140 to db: 'bitnami_wordpress' user: 'bn_wordpress' host: 'localhost' (Got an error reading communication packets)
2022-04-27 13:51:48 142 [Warning] Aborted connection 142 to db: 'bitnami_wordpress' user: 'bn_wordpress' host: 'localhost' (Got an error reading communication packets)
2022-04-27 13:52:22 144 [Warning] Aborted connection 144 to db: 'bitnami_wordpress' user: 'bn_wordpress' host: 'localhost' (Got an error reading communication packets)
2022-04-27 13:52:28 145 [Warning] Aborted connection 145 to db: 'bitnami_wordpress' user: 'bn_wordpress' host: 'localhost' (Got an error reading communication packets)
2022-04-27 13:53:09 147 [Warning] Aborted connection 147 to db: 'bitnami_wordpress' user: 'bn_wordpress' host: 'localhost' (Got an error reading communication packets)
2022-04-27 13:54:03 177 [Warning] Aborted connection 177 to db: 'bitnami_wordpress' user: 'bn_wordpress' host: 'localhost' (Got an error reading communication packets)
2022-04-27 13:54:12 179 [Warning] Aborted connection 179 to db: 'bitnami_wordpress' user: 'bn_wordpress' host: 'localhost' (Got an error reading communication packets)
2022-04-27 13:54:18 180 [Warning] Aborted connection 180 to db: 'bitnami_wordpress' user: 'bn_wordpress' host: 'localhost' (Got an error reading communication packets)
2022-04-27 13:54:24 182 [Warning] Aborted connection 182 to db: 'bitnami_wordpress' user: 'bn_wordpress' host: 'localhost' (Got an error reading communication packets)
2022-04-27 13:54:30 183 [Warning] Aborted connection 183 to db: 'bitnami_wordpress' user: 'bn_wordpress' host: 'localhost' (Got an error reading communication packets)
2022-04-27 13:54:41 184 [Warning] Aborted connection 184 to db: 'bitnami_wordpress' user: 'bn_wordpress' host: 'localhost' (Got an error reading communication packets)
2022-04-27 13:54:48 185 [Warning] Aborted connection 185 to db: 'bitnami_wordpress' user: 'bn_wordpress' host: 'localhost' (Got an error reading communication packets)
2022-04-27 13:55:24 187 [Warning] Aborted connection 187 to db: 'bitnami_wordpress' user: 'bn_wordpress' host: 'localhost' (Got an error reading communication packets)
2022-04-27 13:55:31 188 [Warning] Aborted connection 188 to db: 'bitnami_wordpress' user: 'bn_wordpress' host: 'localhost' (Got an error reading communication packets)
2022-04-27 13:56:35 191 [Warning] Aborted connection 191 to db: 'bitnami_wordpress' user: 'bn_wordpress' host: 'localhost' (Got an error reading communication packets)
2022-04-27 13:56:42 193 [Warning] Aborted connection 193 to db: 'bitnami_wordpress' user: 'bn_wordpress' host: 'localhost' (Got an error reading communication packets)
2022-04-27 13:59:38 197 [Warning] Aborted connection 197 to db: 'bitnami_wordpress' user: 'bn_wordpress' host: 'localhost' (Got an error reading communication packets)
2022-04-27 13:59:38 198 [Warning] Aborted connection 198 to db: 'bitnami_wordpress' user: 'bn_wordpress' host: 'localhost' (Got an error reading communication packets)
2022-04-27 13:59:45 199 [Warning] Aborted connection 199 to db: 'bitnami_wordpress' user: 'bn_wordpress' host: 'localhost' (Got an error reading communication packets)
2022-04-27 13:59:45 200 [Warning] Aborted connection 200 to db: 'bitnami_wordpress' user: 'bn_wordpress' host: 'localhost' (Got an error reading communication packets)
2022-04-27 14:01:49 210 [Warning] Aborted connection 210 to db: 'bitnami_wordpress' user: 'bn_wordpress' host: 'localhost' (Got an error reading communication packets)
2022-04-27 14:01:55 211 [Warning] Aborted connection 211 to db: 'bitnami_wordpress' user: 'bn_wordpress' host: 'localhost' (Got an error reading communication packets)
2022-04-27 14:02:02 212 [Warning] Aborted connection 212 to db: 'bitnami_wordpress' user: 'bn_wordpress' host: 'localhost' (Got an error reading communication packets)
2022-04-27 14:02:09 213 [Warning] Aborted connection 213 to db: 'bitnami_wordpress' user: 'bn_wordpress' host: 'localhost' (Got an error reading communication packets)
2022-04-27 14:06:26 215 [Warning] Aborted connection 215 to db: 'bitnami_wordpress' user: 'bn_wordpress' host: 'localhost' (Got an error reading communication packets)
2022-04-27 14:06:26 214 [Warning] Aborted connection 214 to db: 'bitnami_wordpress' user: 'bn_wordpress' host: 'localhost' (Got an error reading communication packets)
2022-04-27 14:06:26 216 [Warning] Aborted connection 216 to db: 'bitnami_wordpress' user: 'bn_wordpress' host: 'localhost' (Got an error reading communication packets)
2022-04-27 14:06:26 217 [Warning] Aborted connection 217 to db: 'bitnami_wordpress' user: 'bn_wordpress' host: 'localhost' (Got an error reading communication packets)
2022-04-27 14:09:38 225 [Warning] Aborted connection 225 to db: 'bitnami_wordpress' user: 'bn_wordpress' host: 'localhost' (Got an error reading communication packets)
2022-04-27 14:11:18 226 [Warning] Aborted connection 226 to db: 'bitnami_wordpress' user: 'bn_wordpress' host: 'localhost' (Got an error reading communication packets)
2022-04-27 14:11:25 228 [Warning] Aborted connection 228 to db: 'bitnami_wordpress' user: 'bn_wordpress' host: 'localhost' (Got an error reading communication packets)
2022-04-27 14:13:51 233 [Warning] Aborted connection 233 to db: 'bitnami_wordpress' user: 'bn_wordpress' host: 'localhost' (Got an error reading communication packets)
2022-04-27 14:13:51 235 [Warning] Aborted connection 235 to db: 'bitnami_wordpress' user: 'bn_wordpress' host: 'localhost' (Got an error reading communication packets)
2022-04-27 14:13:58 237 [Warning] Aborted connection 237 to db: 'bitnami_wordpress' user: 'bn_wordpress' host: 'localhost' (Got an error reading communication packets)
2022-04-27 14:13:58 236 [Warning] Aborted connection 236 to db: 'bitnami_wordpress' user: 'bn_wordpress' host: 'localhost' (Got an error reading communication packets)
2022-04-27 14:14:07 238 [Warning] Aborted connection 238 to db: 'bitnami_wordpress' user: 'bn_wordpress' host: 'localhost' (Got an error reading communication packets)
2022-04-27 14:15:10 244 [Warning] Aborted connection 244 to db: 'bitnami_wordpress' user: 'bn_wordpress' host: 'localhost' (Got an error reading communication packets)
2022-04-27 14:15:18 245 [Warning] Aborted connection 245 to db: 'bitnami_wordpress' user: 'bn_wordpress' host: 'localhost' (Got an error reading communication packets)
2022-04-27 14:15:50 246 [Warning] Aborted connection 246 to db: 'bitnami_wordpress' user: 'bn_wordpress' host: 'localhost' (Got an error reading communication packets)
2022-04-27 14:15:59 248 [Warning] Aborted connection 248 to db: 'bitnami_wordpress' user: 'bn_wordpress' host: 'localhost' (Got an error reading communication packets)
2022-04-27 14:17:01 267 [Warning] Aborted connection 267 to db: 'bitnami_wordpress' user: 'bn_wordpress' host: 'localhost' (Got an error reading communication packets)
2022-04-27 14:17:10 268 [Warning] Aborted connection 268 to db: 'bitnami_wordpress' user: 'bn_wordpress' host: 'localhost' (Got an error reading communication packets)
2022-04-27 14:17:19 269 [Warning] Aborted connection 269 to db: 'bitnami_wordpress' user: 'bn_wordpress' host: 'localhost' (Got an error reading communication packets)
2022-04-27 14:17:29 270 [Warning] Aborted connection 270 to db: 'bitnami_wordpress' user: 'bn_wordpress' host: 'localhost' (Got an error reading communication packets)
2022-04-27 14:17:38 271 [Warning] Aborted connection 271 to db: 'bitnami_wordpress' user: 'bn_wordpress' host: 'localhost' (Got an error reading communication packets)
2022-04-27 14:17:46 273 [Warning] Aborted connection 273 to db: 'bitnami_wordpress' user: 'bn_wordpress' host: 'localhost' (Got an error reading communication packets)
2022-04-27 14:20:18 297 [Warning] Aborted connection 297 to db: 'bitnami_wordpress' user: 'bn_wordpress' host: 'localhost' (Got an error reading communication packets)
2022-04-27 14:20:28 298 [Warning] Aborted connection 298 to db: 'bitnami_wordpress' user: 'bn_wordpress' host: 'localhost' (Got an error reading communication packets)
2022-04-27 14:20:45 301 [Warning] Aborted connection 301 to db: 'bitnami_wordpress' user: 'bn_wordpress' host: 'localhost' (Got an error reading communication packets)
2022-04-27 14:20:54 302 [Warning] Aborted connection 302 to db: 'bitnami_wordpress' user: 'bn_wordpress' host: 'localhost' (Got an error reading communication packets)
2022-04-27 14:21:47 314 [Warning] Aborted connection 314 to db: 'bitnami_wordpress' user: 'bn_wordpress' host: 'localhost' (Got an error reading communication packets)
2022-04-27 14:21:57 316 [Warning] Aborted connection 316 to db: 'bitnami_wordpress' user: 'bn_wordpress' host: 'localhost' (Got an error reading communication packets)
2022-04-27 14:22:07 317 [Warning] Aborted connection 317 to db: 'bitnami_wordpress' user: 'bn_wordpress' host: 'localhost' (Got an error reading communication packets)
2022-04-27 14:22:07 319 [Warning] Aborted connection 319 to db: 'bitnami_wordpress' user: 'bn_wordpress' host: 'localhost' (Got an error reading communication packets)
2022-04-27 14:22:27 321 [Warning] Aborted connection 321 to db: 'bitnami_wordpress' user: 'bn_wordpress' host: 'localhost' (Got an error reading communication packets)
2022-04-27 14:22:37 322 [Warning] Aborted connection 322 to db: 'bitnami_wordpress' user: 'bn_wordpress' host: 'localhost' (Got an error reading communication packets)
2022-04-27 14:22:45 323 [Warning] Aborted connection 323 to db: 'bitnami_wordpress' user: 'bn_wordpress' host: 'localhost' (Got an error reading communication packets)
2022-04-27 18:02:57 1381 [Warning] Aborted connection 1381 to db: 'bitnami_wordpress' user: 'bn_wordpress' host: 'localhost' (Got an error reading communication packets)
2022-04-27 18:23:20 0 [Note] C:\Users\PC\Desktop\sajt\mariadb\bin\mysqld.exe (initiated by: unknown): Normal shutdown
2022-04-27 18:23:20 0 [Note] Event Scheduler: Purging the queue. 0 events
2022-04-27 18:23:20 0 [Note] InnoDB: FTS optimize thread exiting.
2022-04-27 18:23:20 0 [Note] InnoDB: Starting shutdown...
2022-04-27 18:23:20 0 [Note] InnoDB: Dumping buffer pool(s) to C:\Users\PC\Desktop\sajt\mariadb\data\ib_buffer_pool
2022-04-27 18:23:20 0 [Note] InnoDB: Buffer pool(s) dump completed at 220427 18:23:20
2022-04-27 18:23:21 0 [Note] InnoDB: Removed temporary tablespace data file: "ibtmp1"
2022-04-27 18:23:21 0 [Note] InnoDB: Shutdown completed; log sequence number 253148372; transaction id 19189
2022-04-27 18:23:22 0 [Note] C:\Users\PC\Desktop\sajt\mariadb\bin\mysqld.exe: Shutdown complete

